[debug] [2021-05-07T15:11:30.419Z] ----------------------------------------------------------------------
[debug] [2021-05-07T15:11:30.423Z] Command:       /usr/local/Cellar/node/14.13.1/bin/node /usr/local/bin/firebase deploy
[debug] [2021-05-07T15:11:30.423Z] CLI Version:   9.10.0
[debug] [2021-05-07T15:11:30.424Z] Platform:      darwin
[debug] [2021-05-07T15:11:30.424Z] Node Version:  v14.13.1
[debug] [2021-05-07T15:11:30.425Z] Time:          Fri May 07 2021 17:11:30 GMT+0200 (Mitteleuropäische Sommerzeit)
[debug] [2021-05-07T15:11:30.425Z] ----------------------------------------------------------------------
[debug] 
[debug] [2021-05-07T15:11:30.435Z] > command requires scopes: ["email","openid","https://www.googleapis.com/auth/cloudplatformprojects.readonly","https://www.googleapis.com/auth/firebase","https://www.googleapis.com/auth/cloud-platform"]
[debug] [2021-05-07T15:11:30.435Z] > authorizing via signed-in user (a.benzwue89@gmail.com)
[debug] [2021-05-07T15:11:30.436Z] [iam] checking project red-assistant-2933f for permissions ["firebase.projects.get","firebasehosting.sites.update"]
[debug] [2021-05-07T15:11:30.439Z] >>> HTTP REQUEST POST https://cloudresourcemanager.googleapis.com/v1/projects/red-assistant-2933f:testIamPermissions  
 {"permissions":["firebase.projects.get","firebasehosting.sites.update"]}
[debug] [2021-05-07T15:11:31.160Z] <<< HTTP RESPONSE 200 {"content-type":"application/json; charset=UTF-8","vary":"X-Origin, Referer, Origin,Accept-Encoding","date":"Fri, 07 May 2021 15:11:31 GMT","server":"ESF","cache-control":"private","x-xss-protection":"0","x-frame-options":"SAMEORIGIN","x-content-type-options":"nosniff","server-timing":"gfet4t7; dur=593","alt-svc":"h3-29=\":443\"; ma=2592000,h3-T051=\":443\"; ma=2592000,h3-Q050=\":443\"; ma=2592000,h3-Q046=\":443\"; ma=2592000,h3-Q043=\":443\"; ma=2592000,quic=\":443\"; ma=2592000; v=\"46,43\"","accept-ranges":"none","transfer-encoding":"chunked"}
[debug] [2021-05-07T15:11:31.164Z] > refreshing access token with scopes: []
[debug] [2021-05-07T15:11:31.164Z] >>> HTTP REQUEST POST https://www.googleapis.com/oauth2/v3/token  
 <request body omitted>
[debug] [2021-05-07T15:11:31.268Z] <<< HTTP RESPONSE 200 {"cache-control":"no-cache, no-store, max-age=0, must-revalidate","date":"Fri, 07 May 2021 15:11:31 GMT","expires":"Mon, 01 Jan 1990 00:00:00 GMT","pragma":"no-cache","content-type":"application/json; charset=utf-8","vary":"X-Origin, Referer, Origin,Accept-Encoding","server":"scaffolding on HTTPServer2","x-xss-protection":"0","x-frame-options":"SAMEORIGIN","x-content-type-options":"nosniff","alt-svc":"h3-29=\":443\"; ma=2592000,h3-T051=\":443\"; ma=2592000,h3-Q050=\":443\"; ma=2592000,h3-Q046=\":443\"; ma=2592000,h3-Q043=\":443\"; ma=2592000,quic=\":443\"; ma=2592000; v=\"46,43\"","accept-ranges":"none","transfer-encoding":"chunked"}
[debug] [2021-05-07T15:11:31.764Z] >>> [apiv2][query] GET https://firebase.googleapis.com/v1beta1/projects/red-assistant-2933f [none]
[debug] [2021-05-07T15:11:32.005Z] <<< [apiv2][status] GET https://firebase.googleapis.com/v1beta1/projects/red-assistant-2933f 200
[debug] [2021-05-07T15:11:32.006Z] <<< [apiv2][body] GET https://firebase.googleapis.com/v1beta1/projects/red-assistant-2933f {"projectId":"red-assistant-2933f","projectNumber":"152888024466","displayName":"red-assistant","name":"projects/red-assistant-2933f","resources":{"hostingSite":"red-assistant-2933f","storageBucket":"red-assistant-2933f.appspot.com","locationId":"europe-west"},"state":"ACTIVE"}
[info] 
[info] === Deploying to 'red-assistant-2933f'...
[info] 
[info] i  deploying hosting 
[debug] [2021-05-07T15:11:32.018Z] > refreshing access token with scopes: ["email","https://www.googleapis.com/auth/cloud-platform","https://www.googleapis.com/auth/cloudplatformprojects.readonly","https://www.googleapis.com/auth/firebase","openid"]
[debug] [2021-05-07T15:11:32.019Z] >>> HTTP REQUEST POST https://www.googleapis.com/oauth2/v3/token  
 <request body omitted>
[debug] [2021-05-07T15:11:32.140Z] <<< HTTP RESPONSE 200 {"cache-control":"no-cache, no-store, max-age=0, must-revalidate","pragma":"no-cache","date":"Fri, 07 May 2021 15:11:32 GMT","expires":"Mon, 01 Jan 1990 00:00:00 GMT","content-type":"application/json; charset=utf-8","vary":"X-Origin, Referer, Origin,Accept-Encoding","server":"scaffolding on HTTPServer2","x-xss-protection":"0","x-frame-options":"SAMEORIGIN","x-content-type-options":"nosniff","alt-svc":"h3-29=\":443\"; ma=2592000,h3-T051=\":443\"; ma=2592000,h3-Q050=\":443\"; ma=2592000,h3-Q046=\":443\"; ma=2592000,h3-Q043=\":443\"; ma=2592000,quic=\":443\"; ma=2592000; v=\"46,43\"","accept-ranges":"none","transfer-encoding":"chunked"}
[debug] [2021-05-07T15:11:32.420Z] >>> HTTP REQUEST POST https://firebasehosting.googleapis.com/v1beta1/sites/red-assistant-2933f/versions  
 {"config":{"rewrites":[{"glob":"**","path":"/index.html"}]},"labels":{"deployment-tool":"cli-firebase"}}
[debug] [2021-05-07T15:11:33.651Z] <<< HTTP RESPONSE 200 {"content-type":"application/json; charset=UTF-8","vary":"X-Origin, Referer, Origin,Accept-Encoding","date":"Fri, 07 May 2021 15:11:33 GMT","server":"ESF","cache-control":"private","x-xss-protection":"0","x-frame-options":"SAMEORIGIN","x-content-type-options":"nosniff","alt-svc":"h3-29=\":443\"; ma=2592000,h3-T051=\":443\"; ma=2592000,h3-Q050=\":443\"; ma=2592000,h3-Q046=\":443\"; ma=2592000,h3-Q043=\":443\"; ma=2592000,quic=\":443\"; ma=2592000; v=\"46,43\"","accept-ranges":"none","transfer-encoding":"chunked"}
[info] i  hosting[red-assistant-2933f]: beginning deploy... 
[info] i  hosting[red-assistant-2933f]: found 21 files in dist 
[debug] [2021-05-07T15:11:34.188Z] > refreshing access token with scopes: []
[debug] [2021-05-07T15:11:34.189Z] >>> HTTP REQUEST POST https://www.googleapis.com/oauth2/v3/token  
 <request body omitted>
[debug] [2021-05-07T15:11:34.190Z] [hosting] hash cache [ZGlzdA] stored for 21 files
[debug] [2021-05-07T15:11:34.190Z] [hosting][hash queue][FINAL] {"max":514,"min":17,"avg":44.23809523809524,"active":0,"complete":21,"success":21,"errored":0,"retried":0,"total":21,"elapsed":522}
[debug] [2021-05-07T15:11:34.315Z] <<< HTTP RESPONSE 200 {"date":"Fri, 07 May 2021 15:11:34 GMT","expires":"Mon, 01 Jan 1990 00:00:00 GMT","cache-control":"no-cache, no-store, max-age=0, must-revalidate","pragma":"no-cache","content-type":"application/json; charset=utf-8","vary":"X-Origin, Referer, Origin,Accept-Encoding","server":"scaffolding on HTTPServer2","x-xss-protection":"0","x-frame-options":"SAMEORIGIN","x-content-type-options":"nosniff","alt-svc":"h3-29=\":443\"; ma=2592000,h3-T051=\":443\"; ma=2592000,h3-Q050=\":443\"; ma=2592000,h3-Q046=\":443\"; ma=2592000,h3-Q043=\":443\"; ma=2592000,quic=\":443\"; ma=2592000; v=\"46,43\"","accept-ranges":"none","transfer-encoding":"chunked"}
[debug] [2021-05-07T15:11:34.480Z] >>> [apiv2][query] POST https://firebasehosting.googleapis.com/v1beta1/sites/red-assistant-2933f/versions/b1158ee9e4277186:populateFiles [none]
[debug] [2021-05-07T15:11:34.480Z] >>> [apiv2][body] POST https://firebasehosting.googleapis.com/v1beta1/sites/red-assistant-2933f/versions/b1158ee9e4277186:populateFiles {"files":{"/index.html":"701d300164480afa5446f4b955c5a48413d606012fb071aca6819e5f5450b0b3","/css/app.1e88f81d.css":"e73b0ee553f0a93e17b5c38a784fed268fd89b8daa09b714b7b5058d01d7324f","/favicon.ico":"1e71457865f706dc865b49a54a86e193818220d290b30226b6630a42faf1535d","/css/dashboard.b32abbbc.css":"5e786a376941416fd01425e1518cefd9be87a67a4c4dec7b6e3767e64af2f1e4","/css/login.cd2fc4e4.css":"3499a52aef0d8197b4a0a5accdf1fbac2c71f7e8962db5bfbf0a7257c9f8d50d","/css/signup.d6ce8a49.css":"96d4bc723208f3854c84e0743638492f6e4d98c470aa30f21ce87469fc7c36bc","/img/menu_black.14797d0c.svg":"29e5f85131fe6c69639183e5c64ba516c233d3ae5b2decb86b1b3399c3dbec1d","/img/logo.f69d90c7.png":"7ff547f96b353273d0d268a360903a8dda0005c4afe241d644cf2e6153f796fb","/img/rc-ci.ef4bc974.png":"280349c448ebcee5efb3ee25cc04577ac212a9d14dec926729d32e4c7e517097","/js/app.acd82b3e.js":"4c62c4f76e78b1dba2711b2c8ad41bf37dce21d7f94114850edf9549d91ae7d5","/js/dashboard.6b168cc8.js":"66b41be6b972b9d98d3fcb9690402403394eca4f25ce54cf606eff5fed7ab66b","/js/dashboard.6b168cc8.js.map":"fda2f25ae6e2fbff910bfdfc84d40bf750f364d42596c068856bf5e899445d1a","/js/login.98b5aba4.js":"5d42f285614b093191fca10423e710ef03ddb52ae9eb6613c4a5711857b5e9cb","/js/login.98b5aba4.js.map":"781eccb8b20fba777252655f311a1523c74eeb9756e11a2860d36beba1c1073d","/js/settings.1312fcdc.js":"d7d202a2832ddb41e74db930606ffdb785f6df97b66493eb82d6bb1d6f6ba3db","/js/settings.1312fcdc.js.map":"82e2c64419d9421d16e2918f28723c7bef415cdfcf815940f545b637d841db0f","/js/signup.cba60210.js":"7f081077f466e079566c1ef0c1fed8c7b11718342af8ff78475fc02a66035d16","/js/signup.cba60210.js.map":"f41eacf828317b4bbd42f47d34f14a360c2198b9c912b9e8194cad4675dac00b","/js/app.acd82b3e.js.map":"495f0465ccb274674c537bc75a7e96de420c35cc7b57b2b05af34cccf2bb5b4a","/js/chunk-vendors.a19aa386.js":"febf65c8c602efc1663868dfe316f1399ce573f9d40b97ccf9f70c8c84c548bc","/js/chunk-vendors.a19aa386.js.map":"82856dde94e69378aa007eaf5acfba8a987d78f9477e5b3d1ea032c0a281abd7"}}
[debug] [2021-05-07T15:11:35.480Z] <<< [apiv2][status] POST https://firebasehosting.googleapis.com/v1beta1/sites/red-assistant-2933f/versions/b1158ee9e4277186:populateFiles 200
[debug] [2021-05-07T15:11:35.480Z] <<< [apiv2][body] POST https://firebasehosting.googleapis.com/v1beta1/sites/red-assistant-2933f/versions/b1158ee9e4277186:populateFiles {"uploadRequiredHashes":["701d300164480afa5446f4b955c5a48413d606012fb071aca6819e5f5450b0b3","66b41be6b972b9d98d3fcb9690402403394eca4f25ce54cf606eff5fed7ab66b","5e786a376941416fd01425e1518cefd9be87a67a4c4dec7b6e3767e64af2f1e4","fda2f25ae6e2fbff910bfdfc84d40bf750f364d42596c068856bf5e899445d1a","4c62c4f76e78b1dba2711b2c8ad41bf37dce21d7f94114850edf9549d91ae7d5","495f0465ccb274674c537bc75a7e96de420c35cc7b57b2b05af34cccf2bb5b4a"],"uploadUrl":"https://upload-firebasehosting.googleapis.com/upload/sites/red-assistant-2933f/versions/b1158ee9e4277186/files"}
[debug] [2021-05-07T15:11:35.482Z] >>> [apiv2][query] POST https://upload-firebasehosting.googleapis.com/upload/sites/red-assistant-2933f/versions/b1158ee9e4277186/files/701d300164480afa5446f4b955c5a48413d606012fb071aca6819e5f5450b0b3 [none]
[debug] [2021-05-07T15:11:35.483Z] >>> [apiv2][body] POST https://upload-firebasehosting.googleapis.com/upload/sites/red-assistant-2933f/versions/b1158ee9e4277186/files/701d300164480afa5446f4b955c5a48413d606012fb071aca6819e5f5450b0b3 [stream]
[debug] [2021-05-07T15:11:35.484Z] >>> [apiv2][query] POST https://upload-firebasehosting.googleapis.com/upload/sites/red-assistant-2933f/versions/b1158ee9e4277186/files/66b41be6b972b9d98d3fcb9690402403394eca4f25ce54cf606eff5fed7ab66b [none]
[debug] [2021-05-07T15:11:35.484Z] >>> [apiv2][body] POST https://upload-firebasehosting.googleapis.com/upload/sites/red-assistant-2933f/versions/b1158ee9e4277186/files/66b41be6b972b9d98d3fcb9690402403394eca4f25ce54cf606eff5fed7ab66b [stream]
[debug] [2021-05-07T15:11:35.485Z] >>> [apiv2][query] POST https://upload-firebasehosting.googleapis.com/upload/sites/red-assistant-2933f/versions/b1158ee9e4277186/files/5e786a376941416fd01425e1518cefd9be87a67a4c4dec7b6e3767e64af2f1e4 [none]
[debug] [2021-05-07T15:11:35.485Z] >>> [apiv2][body] POST https://upload-firebasehosting.googleapis.com/upload/sites/red-assistant-2933f/versions/b1158ee9e4277186/files/5e786a376941416fd01425e1518cefd9be87a67a4c4dec7b6e3767e64af2f1e4 [stream]
[debug] [2021-05-07T15:11:35.486Z] >>> [apiv2][query] POST https://upload-firebasehosting.googleapis.com/upload/sites/red-assistant-2933f/versions/b1158ee9e4277186/files/fda2f25ae6e2fbff910bfdfc84d40bf750f364d42596c068856bf5e899445d1a [none]
[debug] [2021-05-07T15:11:35.486Z] >>> [apiv2][body] POST https://upload-firebasehosting.googleapis.com/upload/sites/red-assistant-2933f/versions/b1158ee9e4277186/files/fda2f25ae6e2fbff910bfdfc84d40bf750f364d42596c068856bf5e899445d1a [stream]
[debug] [2021-05-07T15:11:35.487Z] >>> [apiv2][query] POST https://upload-firebasehosting.googleapis.com/upload/sites/red-assistant-2933f/versions/b1158ee9e4277186/files/4c62c4f76e78b1dba2711b2c8ad41bf37dce21d7f94114850edf9549d91ae7d5 [none]
[debug] [2021-05-07T15:11:35.488Z] >>> [apiv2][body] POST https://upload-firebasehosting.googleapis.com/upload/sites/red-assistant-2933f/versions/b1158ee9e4277186/files/4c62c4f76e78b1dba2711b2c8ad41bf37dce21d7f94114850edf9549d91ae7d5 [stream]
[debug] [2021-05-07T15:11:35.489Z] >>> [apiv2][query] POST https://upload-firebasehosting.googleapis.com/upload/sites/red-assistant-2933f/versions/b1158ee9e4277186/files/495f0465ccb274674c537bc75a7e96de420c35cc7b57b2b05af34cccf2bb5b4a [none]
[debug] [2021-05-07T15:11:35.489Z] >>> [apiv2][body] POST https://upload-firebasehosting.googleapis.com/upload/sites/red-assistant-2933f/versions/b1158ee9e4277186/files/495f0465ccb274674c537bc75a7e96de420c35cc7b57b2b05af34cccf2bb5b4a [stream]
[debug] [2021-05-07T15:11:35.490Z] [hosting][populate queue][FINAL] {"max":1294,"min":1294,"avg":1294,"active":0,"complete":1,"success":1,"errored":0,"retried":0,"total":1,"elapsed":1302}
[debug] [2021-05-07T15:11:35.490Z] [hosting] uploads queued: 6
